[software] accuracy: 0.9844
[main] EE4218 Project <G-FriAM-1> DEMO ENDS.
Zynq MP First Stage Boot Loader 
Release 2025.2   Apr  7 2026  -  20:05:17
PMU-FW is not running, certain applications may not be supported.
[main] EE4218 Project <G-FriAM-1> DEMO BEGINS.
[DMA] DMA Time: 1472 cycles = 14720.15ns = 14.72us
DMA Result[0]=100
DMA Result[1]=152
DMA Result[2]=151
DMA Result[3]=134
DMA Result[4]=122
DMA Result[5]=127
DMA Result[6]=151
DMA Result[7]=159
DMA Result[8]=146
DMA Result[9]=128
DMA Result[10]=120
DMA Result[11]=118
DMA Result[12]=165
DMA Result[13]=153
DMA Result[14]=152
DMA Result[15]=127
DMA Result[16]=167
DMA Result[17]=123
DMA Result[18]=148
DMA Result[19]=119
DMA Result[20]=127
DMA Result[21]=130
DMA Result[22]=153
DMA Result[23]=112
DMA Result[24]=145
DMA Result[25]=141
DMA Result[26]=157
DMA Result[27]=144
DMA Result[28]=118
DMA Result[29]=111
DMA Result[30]=118
DMA Result[31]=122
DMA Result[32]=122
DMA Result[33]=114
DMA Result[34]=141
DMA Result[35]=146
DMA Result[36]=120
DMA Result[37]=157
DMA Result[38]=115
DMA Result[39]=159
DMA Result[40]=114
DMA Result[41]=187
DMA Result[42]=117
DMA Result[43]=116
DMA Result[44]=128
DMA Result[45]=160
DMA Result[46]=177
DMA Result[47]=139
DMA Result[48]=153
DMA Result[49]=120
DMA Result[50]=110
DMA Result[51]=143
DMA Result[52]=141
DMA Result[53]=117
DMA Result[54]=151
DMA Result[55]=114
DMA Result[56]=110
DMA Result[57]=164
DMA Result[58]=119
DMA Result[59]=122
DMA Result[60]=156
DMA Result[61]=119
DMA Result[62]=134
DMA Result[63]=125
[DMA] accuracy: 0.9844
[software] Time: 4285 cycles = 42850.43ns = 42.85us
[software] [0]=100
[software] [1]=152
[software] [2]=151
[software] [3]=134
[software] [4]=122
[software] [5]=127
[software] [6]=151
[software] [7]=159
[software] [8]=146
[software] [9]=128
[software] [10]=120
[software] [11]=118
[software] [12]=165
[software] [13]=153
[software] [14]=152
[software] [15]=127
[software] [16]=167
[software] [17]=123
[software] [18]=148
[software] [19]=119
[software] [20]=127
[software] [21]=130
[software] [22]=153
[software] [23]=112
[software] [24]=145
[software] [25]=141
[software] [26]=157
[software] [27]=144
[software] [28]=118
[software] [29]=111
[software] [30]=118
[software] [31]=122
[software] [32]=122
[software] [33]=114
[software] [34]=141
[software] [35]=146
[software] [36]=120
[software] [37]=157
[software] [38]=115
[software] [39]=159
[software] [40]=114
[software] [41]=187
[software] [42]=117
[software] [43]=116
[software] [44]=128
[software] [45]=160
[software] [46]=177
[software] [47]=139
[software] [48]=153
[software] [49]=120
[software] [50]=110
[software] [51]=143
[software] [52]=141
[software] [53]=117
[software] [54]=151
[software] [55]=114
[software] [56]=110
[software] [57]=164
[software] [58]=119
[software] [59]=122
[software] [60]=156
[software] [61]=119
[software] [62]=134
[software] [63]=125

[software] accuracy: 0.9844
[main] EE4218 Project <G-FriAM-1> DEMO ENDS.
Zynq MP First Stage Boot Loader 
Release 2025.2   Apr  7 2026  -  20:07:20
PMU-FW is not running, certain applications may not be supported.
[main] EE4218 Project <G-FriAM-1> DEMO BEGINS.
[DMA] DMA Time: 1981 cycles = 19810.20ns = 19.81us
DMA Result[0]=100
DMA Result[1]=152
DMA Result[2]=151
DMA Result[3]=134
DMA Result[4]=122
DMA Result[5]=127
DMA Result[6]=151
DMA Result[7]=159
DMA Result[8]=146
DMA Result[9]=128
DMA Result[10]=120
DMA Result[11]=118
DMA Result[12]=165
DMA Result[13]=153
DMA Result[14]=152
DMA Result[15]=127
DMA Result[16]=167
DMA Result[17]=123
DMA Result[18]=148
DMA Result[19]=119
DMA Result[20]=127
DMA Result[21]=130
DMA Result[22]=153
DMA Result[23]=112
DMA Result[24]=145
DMA Result[25]=141
DMA Result[26]=157
DMA Result[27]=144
DMA Result[28]=118
DMA Result[29]=111
DMA Result[30]=118
DMA Result[31]=122
DMA Result[32]=122
DMA Result[33]=114
DMA Result[34]=141
DMA Result[35]=146
DMA Result[36]=120
DMA Result[37]=157
DMA Result[38]=115
DMA Result[39]=159
DMA Result[40]=114
DMA Result[41]=187
DMA Result[42]=117
DMA Result[43]=116
DMA Result[44]=128
DMA Result[45]=160
DMA Result[46]=177
DMA Result[47]=139
DMA Result[48]=153
DMA Result[49]=120
DMA Result[50]=110
DMA Result[51]=143
DMA Result[52]=141
DMA Result[53]=117
DMA Result[54]=151
DMA Result[55]=114
DMA Result[56]=110
DMA Result[57]=164
DMA Result[58]=119
DMA Result[59]=122
DMA Result[60]=156
DMA Result[61]=119
DMA Result[62]=134
DMA Result[63]=125
[DMA] accuracy: 0.9844
[software] Time: 4309 cycles = 43090.43ns = 43.09us
[software] [0]=100
[software] [1]=152
[software] [2]=151
[software] [3]=134
[software] [4]=122
[software] [5]=127
[software] [6]=151
[software] [7]=159
[software] [8]=146
[software] [9]=128
[software] [10]=120
[software] [11]=118
[software] [12]=165
[software] [13]=153
[software] [14]=152
[software] [15]=127
[software] [16]=167
[software] [17]=123
[software] [18]=148
[software] [19]=119
[software] [20]=127
[software] [21]=130
[software] [22]=153
[software] [23]=112
[software] [24]=145
[software] [25]=141
[software] [26]=157
[software] [27]=144
[software] [28]=118
[software] [29]=111
[software] [30]=118
[software] [31]=122
[software] [32]=122
[software] [33]=114
[software] [34]=141
[software] [35]=146
[software] [36]=120
[software] [37]=157
[software] [38]=115
[software] [39]=159
[software] [40]=114
[software] [41]=187
[software] [42]=117
[software] [43]=116
[software] [44]=128
[software] [45]=160
[software] [46]=177
[software] [47]=139
[software] [48]=153
[software] [49]=120
[software] [50]=110
[software] [51]=143
[software] [52]=141
[software] [53]=117
[software] [54]=151
[software] [55]=114
[software] [56]=110
[software] [57]=164
[software] [58]=119
[software] [59]=122
[software] [60]=156
[software] [61]=119
[software] [62]=134
[software] [63]=125

[software] accuracy: 0.9844
[main] EE4218 Project <G-FriAM-1> DEMO ENDS.